[09/13/2022 17:07:13] Debug: Session id: 9e991eaa-36fc-48bb-aaec-9a916462cbe0
[09/13/2022 17:07:13] Debug: Code Processor information: Name :SnowConvert, Version: 9.0.45.0
[09/13/2022 17:07:14] Debug: Getting license
[09/13/2022 17:07:14] Debug: License information
	Status: Failed
	Message: No active license available.
[09/13/2022 17:07:14] Info: Starting to validate parameters
[09/13/2022 17:07:14] Info: Parameters to validate: 
	Execution mode: Conversion
	LICENSE_KEY: a3372138-b87e-4a08-b929-3b48b24c63f1
[09/13/2022 17:07:14] Info: Validation of parameters: Success
[09/13/2022 17:07:14] Debug: Getting code descriptor
[09/13/2022 17:07:14] Debug: Code descriptor information
	Units: 58
	Units type: LOC
	All file bytes: 1917
	All found extensions: .sql,.dml,.ddl,.bteq,.btq,.fl,.fload,.ml,.mload,.mld,.tp,.tpump,.tpt
[09/13/2022 17:07:14] Debug: Calculating fingerprint
[09/13/2022 17:07:14] Debug: Fingerprint information Fingerprint(size=1917,projects=1)
[09/13/2022 17:07:14] Info: Starting to try to validate online license for execution
[09/13/2022 17:07:15] Debug: Getting license
[09/13/2022 17:07:15] Debug: License information
	Status: Failed
	Message: No active license available.
[09/13/2022 17:07:15] Debug: Starting the execution of the controller
[09/13/2022 17:07:16] Debug: Executing the worker: SnowConvert
[09/13/2022 17:07:26] Debug: Finished executing the worker: SnowConvert
[09/13/2022 17:07:28] Info: Controller execution ended
