[09/20/2022 17:04:29] Debug: Session id: c0ad9bcd-4ac9-43b5-a1c9-2fc2c2235054
[09/20/2022 17:04:29] Debug: Code Processor information: Name :SnowConvert, Version: 9.0.49.0
[09/20/2022 17:04:30] Debug: Getting license
[09/20/2022 17:04:30] Debug: License information
	Status: Failed
	Message: No active license available.
[09/20/2022 17:04:30] Info: Starting to validate parameters
[09/20/2022 17:04:30] Info: Parameters to validate: 
	Execution mode: Conversion
	LICENSE_KEY: a3372138-b87e-4a08-b929-3b48b24c63f1
[09/20/2022 17:04:30] Info: Validation of parameters: Success
[09/20/2022 17:04:30] Debug: Getting code descriptor
[09/20/2022 17:04:30] Debug: Code descriptor information
	Units: 58
	Units type: LOC
	All file bytes: 1917
	All found extensions: .sql,.dml,.ddl,.bteq,.btq,.fl,.fload,.ml,.mload,.mld,.tp,.tpump,.tpt
[09/20/2022 17:04:30] Debug: Calculating fingerprint
[09/20/2022 17:04:30] Debug: Fingerprint information Fingerprint(size=1917,projects=1)
[09/20/2022 17:04:30] Info: Starting to try to validate online license for execution
[09/20/2022 17:04:32] Debug: Getting license
[09/20/2022 17:04:32] Debug: License information
	Status: Failed
	Message: No active license available.
[09/20/2022 17:04:32] Debug: Starting the execution of the controller
[09/20/2022 17:04:33] Debug: Executing the worker: SnowConvert
[09/20/2022 17:04:43] Debug: Finished executing the worker: SnowConvert
[09/20/2022 17:04:45] Info: Controller execution ended
