[09/23/2022 13:49:00] Debug: Session id: da93e844-1bd3-4beb-a89d-73d948e077da
[09/23/2022 13:49:00] Debug: Code Processor information: Name :SnowConvert, Version: 9.0.49.0
[09/23/2022 13:49:00] Debug: Getting license
[09/23/2022 13:49:00] Debug: License information
	Status: Failed
	Message: No active license available.
[09/23/2022 13:49:00] Info: Starting to validate parameters
[09/23/2022 13:49:00] Info: Parameters to validate: 
	Execution mode: Conversion
	LICENSE_KEY: a3372138-b87e-4a08-b929-3b48b24c63f1
[09/23/2022 13:49:00] Info: Validation of parameters: Success
[09/23/2022 13:49:00] Debug: Getting code descriptor
[09/23/2022 13:49:00] Debug: Code descriptor information
	Units: 58
	Units type: LOC
	All file bytes: 1917
	All found extensions: .sql,.dml,.ddl,.bteq,.btq,.fl,.fload,.ml,.mload,.mld,.tp,.tpump,.tpt
[09/23/2022 13:49:00] Debug: Calculating fingerprint
[09/23/2022 13:49:00] Debug: Fingerprint information Fingerprint(size=1917,projects=1)
[09/23/2022 13:49:00] Info: Starting to try to validate online license for execution
[09/23/2022 13:49:02] Debug: Getting license
[09/23/2022 13:49:02] Debug: License information
	Status: Failed
	Message: No active license available.
[09/23/2022 13:49:02] Debug: Starting the execution of the controller
[09/23/2022 13:49:03] Debug: Executing the worker: SnowConvert
[09/23/2022 13:49:13] Debug: Finished executing the worker: SnowConvert
[09/23/2022 13:49:15] Info: Controller execution ended
