[09/13/2022 17:03:22] Debug: Session id: 253e10d2-16aa-408a-a444-808459a9fe2b
[09/13/2022 17:03:22] Debug: Code Processor information: Name :SnowConvert, Version: 9.0.22.0
[09/13/2022 17:03:23] Debug: Getting license
[09/13/2022 17:03:23] Debug: License information
	Status: Failed
	Message: No active license available.
[09/13/2022 17:03:23] Info: Starting to validate parameters
[09/13/2022 17:03:23] Info: Parameters to validate: 
	Execution mode: Conversion
	LICENSE_KEY: a3372138-b87e-4a08-b929-3b48b24c63f1
[09/13/2022 17:03:23] Info: Validation of parameters: Success
[09/13/2022 17:03:23] Debug: Getting code descriptor
[09/13/2022 17:03:23] Debug: Code descriptor information
	Units: 58
	Units type: LOC
	All file bytes: 1917
	All found extensions: .sql,.dml,.ddl,.bteq,.btq,.fl,.fload,.ml,.mload,.mld,.tp,.tpump,.tpt
[09/13/2022 17:03:23] Debug: Calculating fingerprint
[09/13/2022 17:03:23] Debug: Fingerprint information Fingerprint(size=1917,projects=1)
[09/13/2022 17:03:23] Info: Starting to try to validate online license for execution
[09/13/2022 17:03:24] Debug: Getting license
[09/13/2022 17:03:24] Debug: License information
	Status: Failed
	Message: No active license available.
[09/13/2022 17:03:24] Debug: Starting the execution of the controller
[09/13/2022 17:03:25] Debug: Executing the worker: SnowConvert
[09/13/2022 17:03:35] Debug: Finished executing the worker: SnowConvert
[09/13/2022 17:03:37] Info: Controller execution ended
