[09/21/2022 10:13:37] Debug: Session id: 86676415-3bad-4f45-a2cb-e3d74621f019
[09/21/2022 10:13:37] Debug: Code Processor information: Name :SnowConvert, Version: 9.0.49.0
[09/21/2022 10:13:38] Debug: Getting license
[09/21/2022 10:13:38] Debug: License information
	Status: Failed
	Message: No active license available.
[09/21/2022 10:13:38] Info: Starting to validate parameters
[09/21/2022 10:13:38] Info: Parameters to validate: 
	Execution mode: Conversion
	LICENSE_KEY: a3372138-b87e-4a08-b929-3b48b24c63f1
[09/21/2022 10:13:38] Info: Validation of parameters: Success
[09/21/2022 10:13:38] Debug: Getting code descriptor
[09/21/2022 10:13:38] Debug: Code descriptor information
	Units: 58
	Units type: LOC
	All file bytes: 1917
	All found extensions: .sql,.dml,.ddl,.bteq,.btq,.fl,.fload,.ml,.mload,.mld,.tp,.tpump,.tpt
[09/21/2022 10:13:38] Debug: Calculating fingerprint
[09/21/2022 10:13:38] Debug: Fingerprint information Fingerprint(size=1917,projects=1)
[09/21/2022 10:13:38] Info: Starting to try to validate online license for execution
[09/21/2022 10:13:40] Debug: Getting license
[09/21/2022 10:13:40] Debug: License information
	Status: Failed
	Message: No active license available.
[09/21/2022 10:13:40] Debug: Starting the execution of the controller
[09/21/2022 10:13:41] Debug: Executing the worker: SnowConvert
[09/21/2022 10:13:52] Debug: Finished executing the worker: SnowConvert
[09/21/2022 10:13:54] Info: Controller execution ended
