[09/22/2022 08:17:04] Debug: Session id: d17ee112-6d2e-4df7-b4df-c75d75358855
[09/22/2022 08:17:04] Debug: Code Processor information: Name :SnowConvert, Version: 9.0.49.0
[09/22/2022 08:17:05] Debug: Getting license
[09/22/2022 08:17:05] Debug: License information
	Status: Failed
	Message: No active license available.
[09/22/2022 08:17:05] Info: Starting to validate parameters
[09/22/2022 08:17:05] Info: Parameters to validate: 
	Execution mode: Conversion
	LICENSE_KEY: a3372138-b87e-4a08-b929-3b48b24c63f1
[09/22/2022 08:17:05] Info: Validation of parameters: Success
[09/22/2022 08:17:05] Debug: Getting code descriptor
[09/22/2022 08:17:05] Debug: Code descriptor information
	Units: 58
	Units type: LOC
	All file bytes: 1917
	All found extensions: .sql,.dml,.ddl,.bteq,.btq,.fl,.fload,.ml,.mload,.mld,.tp,.tpump,.tpt
[09/22/2022 08:17:05] Debug: Calculating fingerprint
[09/22/2022 08:17:05] Debug: Fingerprint information Fingerprint(size=1917,projects=1)
[09/22/2022 08:17:05] Info: Starting to try to validate online license for execution
[09/22/2022 08:17:07] Debug: Getting license
[09/22/2022 08:17:07] Debug: License information
	Status: Failed
	Message: No active license available.
[09/22/2022 08:17:07] Debug: Starting the execution of the controller
[09/22/2022 08:17:08] Debug: Executing the worker: SnowConvert
[09/22/2022 08:17:18] Debug: Finished executing the worker: SnowConvert
[09/22/2022 08:17:20] Info: Controller execution ended
