[09/15/2022 15:07:36] Debug: Session id: 7f1d43a5-d2a4-4366-af38-9077d4203871
[09/15/2022 15:07:36] Debug: Code Processor information: Name :SnowConvert, Version: 9.0.37.0
[09/15/2022 15:07:37] Debug: Getting license
[09/15/2022 15:07:37] Debug: License information
	Status: Failed
	Message: No active license available.
[09/15/2022 15:07:37] Info: Starting to validate parameters
[09/15/2022 15:07:37] Info: Parameters to validate: 
	Execution mode: Conversion
	LICENSE_KEY: a3372138-b87e-4a08-b929-3b48b24c63f1
[09/15/2022 15:07:37] Info: Validation of parameters: Success
[09/15/2022 15:07:37] Debug: Getting code descriptor
[09/15/2022 15:07:37] Debug: Code descriptor information
	Units: 58
	Units type: LOC
	All file bytes: 1917
	All found extensions: .sql,.dml,.ddl,.bteq,.btq,.fl,.fload,.ml,.mload,.mld,.tp,.tpump,.tpt
[09/15/2022 15:07:37] Debug: Calculating fingerprint
[09/15/2022 15:07:37] Debug: Fingerprint information Fingerprint(size=1917,projects=1)
[09/15/2022 15:07:37] Info: Starting to try to validate online license for execution
[09/15/2022 15:07:38] Debug: Getting license
[09/15/2022 15:07:38] Debug: License information
	Status: Failed
	Message: No active license available.
[09/15/2022 15:07:38] Debug: Starting the execution of the controller
[09/15/2022 15:07:39] Debug: Executing the worker: SnowConvert
[09/15/2022 15:07:49] Debug: Finished executing the worker: SnowConvert
[09/15/2022 15:07:51] Info: Controller execution ended
