[09/15/2022 17:13:21] Debug: Session id: d260d8d1-ea1e-446c-aff1-e3516d622026
[09/15/2022 17:13:21] Debug: Code Processor information: Name :SnowConvert, Version: 9.0.37.0
[09/15/2022 17:13:22] Debug: Getting license
[09/15/2022 17:13:22] Debug: License information
	Status: Failed
	Message: No active license available.
[09/15/2022 17:13:22] Info: Starting to validate parameters
[09/15/2022 17:13:22] Info: Parameters to validate: 
	Execution mode: Conversion
	LICENSE_KEY: a3372138-b87e-4a08-b929-3b48b24c63f1
[09/15/2022 17:13:22] Info: Validation of parameters: Success
[09/15/2022 17:13:22] Debug: Getting code descriptor
[09/15/2022 17:13:22] Debug: Code descriptor information
	Units: 58
	Units type: LOC
	All file bytes: 1917
	All found extensions: .sql,.dml,.ddl,.bteq,.btq,.fl,.fload,.ml,.mload,.mld,.tp,.tpump,.tpt
[09/15/2022 17:13:22] Debug: Calculating fingerprint
[09/15/2022 17:13:22] Debug: Fingerprint information Fingerprint(size=1917,projects=1)
[09/15/2022 17:13:22] Info: Starting to try to validate online license for execution
[09/15/2022 17:13:24] Debug: Getting license
[09/15/2022 17:13:24] Debug: License information
	Status: Failed
	Message: No active license available.
[09/15/2022 17:13:24] Debug: Starting the execution of the controller
[09/15/2022 17:13:25] Debug: Executing the worker: SnowConvert
[09/15/2022 17:13:35] Debug: Finished executing the worker: SnowConvert
[09/15/2022 17:13:37] Info: Controller execution ended
