[09/24/2022 08:13:43] Debug: Session id: 9e0c88c8-5439-4996-8d70-b3b1dd9ab7ad
[09/24/2022 08:13:43] Debug: Code Processor information: Name :SnowConvert, Version: 9.0.49.0
[09/24/2022 08:13:44] Debug: Getting license
[09/24/2022 08:13:44] Debug: License information
	Status: Failed
	Message: No active license available.
[09/24/2022 08:13:44] Info: Starting to validate parameters
[09/24/2022 08:13:44] Info: Parameters to validate: 
	Execution mode: Conversion
	LICENSE_KEY: a3372138-b87e-4a08-b929-3b48b24c63f1
[09/24/2022 08:13:44] Info: Validation of parameters: Success
[09/24/2022 08:13:44] Debug: Getting code descriptor
[09/24/2022 08:13:44] Debug: Code descriptor information
	Units: 58
	Units type: LOC
	All file bytes: 1917
	All found extensions: .sql,.dml,.ddl,.bteq,.btq,.fl,.fload,.ml,.mload,.mld,.tp,.tpump,.tpt
[09/24/2022 08:13:44] Debug: Calculating fingerprint
[09/24/2022 08:13:44] Debug: Fingerprint information Fingerprint(size=1917,projects=1)
[09/24/2022 08:13:44] Info: Starting to try to validate online license for execution
[09/24/2022 08:13:45] Debug: Getting license
[09/24/2022 08:13:45] Debug: License information
	Status: Failed
	Message: No active license available.
[09/24/2022 08:13:45] Debug: Starting the execution of the controller
[09/24/2022 08:13:46] Debug: Executing the worker: SnowConvert
[09/24/2022 08:13:56] Debug: Finished executing the worker: SnowConvert
[09/24/2022 08:13:58] Info: Controller execution ended
