[09/06/2022 12:07:16] Debug: Session id: 493a018a-b21c-4001-98d7-b6a4dcaec884
[09/06/2022 12:07:16] Debug: Code Processor information: Name :SnowConvert, Version: 9.0.11.0
[09/06/2022 12:07:17] Debug: Getting license
[09/06/2022 12:07:17] Debug: License information
	Status: Failed
	Message: No active license available.
[09/06/2022 12:07:17] Info: Starting to validate parameters
[09/06/2022 12:07:17] Info: Parameters to validate: 
	Execution mode: Conversion
	LICENSE_KEY: a3372138-b87e-4a08-b929-3b48b24c63f1
[09/06/2022 12:07:17] Info: Validation of parameters: Success
[09/06/2022 12:07:17] Debug: Getting code descriptor
[09/06/2022 12:07:17] Debug: Code descriptor information
	Units: 58
	Units type: LOC
	All file bytes: 1917
	All found extensions: .sql,.dml,.ddl,.bteq,.btq,.fl,.fload,.ml,.mload,.mld,.tp,.tpump,.tpt
[09/06/2022 12:07:17] Debug: Calculating fingerprint
[09/06/2022 12:07:17] Debug: Fingerprint information Fingerprint(size=1917,projects=1)
[09/06/2022 12:07:17] Info: Starting to try to validate online license for execution
[09/06/2022 12:07:18] Debug: Getting license
[09/06/2022 12:07:18] Debug: License information
	Status: Failed
	Message: No active license available.
[09/06/2022 12:07:18] Debug: Starting the execution of the controller
[09/06/2022 12:07:19] Debug: Executing the worker: SnowConvert
[09/06/2022 12:07:30] Debug: Finished executing the worker: SnowConvert
[09/06/2022 12:07:32] Info: Controller execution ended
