[09/06/2022 14:38:01] Debug: Session id: c8cc4630-ad15-4c02-bd5c-54eb190b5745
[09/06/2022 14:38:01] Debug: Code Processor information: Name :SnowConvert, Version: 9.0.11.0
[09/06/2022 14:38:02] Debug: Getting license
[09/06/2022 14:38:02] Debug: License information
	Status: Failed
	Message: No active license available.
[09/06/2022 14:38:02] Info: Starting to validate parameters
[09/06/2022 14:38:02] Info: Parameters to validate: 
	Execution mode: Conversion
	LICENSE_KEY: a3372138-b87e-4a08-b929-3b48b24c63f1
[09/06/2022 14:38:02] Info: Validation of parameters: Success
[09/06/2022 14:38:02] Debug: Getting code descriptor
[09/06/2022 14:38:02] Debug: Code descriptor information
	Units: 58
	Units type: LOC
	All file bytes: 1917
	All found extensions: .sql,.dml,.ddl,.bteq,.btq,.fl,.fload,.ml,.mload,.mld,.tp,.tpump,.tpt
[09/06/2022 14:38:02] Debug: Calculating fingerprint
[09/06/2022 14:38:02] Debug: Fingerprint information Fingerprint(size=1917,projects=1)
[09/06/2022 14:38:02] Info: Starting to try to validate online license for execution
[09/06/2022 14:38:03] Debug: Getting license
[09/06/2022 14:38:03] Debug: License information
	Status: Failed
	Message: No active license available.
[09/06/2022 14:38:03] Debug: Starting the execution of the controller
[09/06/2022 14:38:04] Debug: Executing the worker: SnowConvert
[09/06/2022 14:38:14] Debug: Finished executing the worker: SnowConvert
[09/06/2022 14:38:16] Info: Controller execution ended
