[09/15/2022 12:47:00] Debug: Session id: fc795f34-0f8c-42d7-9b34-808ad43adaa8
[09/15/2022 12:47:00] Debug: Code Processor information: Name :SnowConvert, Version: 9.0.37.0
[09/15/2022 12:47:01] Debug: Getting license
[09/15/2022 12:47:01] Debug: License information
	Status: Failed
	Message: No active license available.
[09/15/2022 12:47:01] Info: Starting to validate parameters
[09/15/2022 12:47:01] Info: Parameters to validate: 
	Execution mode: Conversion
	LICENSE_KEY: a3372138-b87e-4a08-b929-3b48b24c63f1
[09/15/2022 12:47:01] Info: Validation of parameters: Success
[09/15/2022 12:47:01] Debug: Getting code descriptor
[09/15/2022 12:47:01] Debug: Code descriptor information
	Units: 58
	Units type: LOC
	All file bytes: 1917
	All found extensions: .sql,.dml,.ddl,.bteq,.btq,.fl,.fload,.ml,.mload,.mld,.tp,.tpump,.tpt
[09/15/2022 12:47:01] Debug: Calculating fingerprint
[09/15/2022 12:47:01] Debug: Fingerprint information Fingerprint(size=1917,projects=1)
[09/15/2022 12:47:01] Info: Starting to try to validate online license for execution
[09/15/2022 12:47:02] Debug: Getting license
[09/15/2022 12:47:02] Debug: License information
	Status: Failed
	Message: No active license available.
[09/15/2022 12:47:02] Debug: Starting the execution of the controller
[09/15/2022 12:47:03] Debug: Executing the worker: SnowConvert
[09/15/2022 12:47:14] Debug: Finished executing the worker: SnowConvert
[09/15/2022 12:47:16] Info: Controller execution ended
