[09/20/2022 15:03:10] Debug: Session id: 6e80fdb9-48e7-4788-8d47-a682315a4358
[09/20/2022 15:03:10] Debug: Code Processor information: Name :SnowConvert, Version: 9.0.49.0
[09/20/2022 15:03:11] Debug: Getting license
[09/20/2022 15:03:11] Debug: License information
	Status: Failed
	Message: No active license available.
[09/20/2022 15:03:11] Info: Starting to validate parameters
[09/20/2022 15:03:11] Info: Parameters to validate: 
	Execution mode: Conversion
	LICENSE_KEY: a3372138-b87e-4a08-b929-3b48b24c63f1
[09/20/2022 15:03:11] Info: Validation of parameters: Success
[09/20/2022 15:03:11] Debug: Getting code descriptor
[09/20/2022 15:03:11] Debug: Code descriptor information
	Units: 58
	Units type: LOC
	All file bytes: 1917
	All found extensions: .sql,.dml,.ddl,.bteq,.btq,.fl,.fload,.ml,.mload,.mld,.tp,.tpump,.tpt
[09/20/2022 15:03:11] Debug: Calculating fingerprint
[09/20/2022 15:03:11] Debug: Fingerprint information Fingerprint(size=1917,projects=1)
[09/20/2022 15:03:11] Info: Starting to try to validate online license for execution
[09/20/2022 15:03:12] Debug: Getting license
[09/20/2022 15:03:12] Debug: License information
	Status: Failed
	Message: No active license available.
[09/20/2022 15:03:12] Debug: Starting the execution of the controller
[09/20/2022 15:03:13] Debug: Executing the worker: SnowConvert
[09/20/2022 15:03:27] Debug: Finished executing the worker: SnowConvert
[09/20/2022 15:03:29] Info: Controller execution ended
