[09/15/2022 14:57:41] Debug: Session id: 24c67d20-c430-47c0-bb1d-af697f693ed7
[09/15/2022 14:57:41] Debug: Code Processor information: Name :SnowConvert, Version: 9.0.37.0
[09/15/2022 14:57:41] Debug: Getting license
[09/15/2022 14:57:41] Debug: License information
	Status: Failed
	Message: No active license available.
[09/15/2022 14:57:41] Info: Starting to validate parameters
[09/15/2022 14:57:41] Info: Parameters to validate: 
	Execution mode: Conversion
	LICENSE_KEY: a3372138-b87e-4a08-b929-3b48b24c63f1
[09/15/2022 14:57:42] Info: Validation of parameters: Success
[09/15/2022 14:57:42] Debug: Getting code descriptor
[09/15/2022 14:57:42] Debug: Code descriptor information
	Units: 58
	Units type: LOC
	All file bytes: 1917
	All found extensions: .sql,.dml,.ddl,.bteq,.btq,.fl,.fload,.ml,.mload,.mld,.tp,.tpump,.tpt
[09/15/2022 14:57:42] Debug: Calculating fingerprint
[09/15/2022 14:57:42] Debug: Fingerprint information Fingerprint(size=1917,projects=1)
[09/15/2022 14:57:42] Info: Starting to try to validate online license for execution
[09/15/2022 14:57:43] Debug: Getting license
[09/15/2022 14:57:43] Debug: License information
	Status: Failed
	Message: No active license available.
[09/15/2022 14:57:43] Debug: Starting the execution of the controller
[09/15/2022 14:57:45] Debug: Executing the worker: SnowConvert
[09/15/2022 14:57:55] Debug: Finished executing the worker: SnowConvert
[09/15/2022 14:57:57] Info: Controller execution ended
