[09/23/2022 13:52:03] Debug: Session id: a9c56e72-6784-4b2a-a07a-f11538f65505
[09/23/2022 13:52:03] Debug: Code Processor information: Name :SnowConvert, Version: 9.0.49.0
[09/23/2022 13:52:03] Debug: Getting license
[09/23/2022 13:52:03] Debug: License information
	Status: Failed
	Message: No active license available.
[09/23/2022 13:52:03] Info: Starting to validate parameters
[09/23/2022 13:52:03] Info: Parameters to validate: 
	Execution mode: Conversion
	LICENSE_KEY: a3372138-b87e-4a08-b929-3b48b24c63f1
[09/23/2022 13:52:03] Info: Validation of parameters: Success
[09/23/2022 13:52:03] Debug: Getting code descriptor
[09/23/2022 13:52:03] Debug: Code descriptor information
	Units: 58
	Units type: LOC
	All file bytes: 1917
	All found extensions: .sql,.dml,.ddl,.bteq,.btq,.fl,.fload,.ml,.mload,.mld,.tp,.tpump,.tpt
[09/23/2022 13:52:03] Debug: Calculating fingerprint
[09/23/2022 13:52:03] Debug: Fingerprint information Fingerprint(size=1917,projects=1)
[09/23/2022 13:52:03] Info: Starting to try to validate online license for execution
[09/23/2022 13:52:05] Debug: Getting license
[09/23/2022 13:52:05] Debug: License information
	Status: Failed
	Message: No active license available.
[09/23/2022 13:52:05] Debug: Starting the execution of the controller
[09/23/2022 13:52:06] Debug: Executing the worker: SnowConvert
[09/23/2022 13:52:16] Debug: Finished executing the worker: SnowConvert
[09/23/2022 13:52:18] Info: Controller execution ended
