[09/15/2022 16:19:01] Debug: Session id: 32f121d1-b9b9-4bec-ab67-4373677c0998
[09/15/2022 16:19:01] Debug: Code Processor information: Name :SnowConvert, Version: 9.0.37.0
[09/15/2022 16:19:02] Debug: Getting license
[09/15/2022 16:19:02] Debug: License information
	Status: Failed
	Message: No active license available.
[09/15/2022 16:19:02] Info: Starting to validate parameters
[09/15/2022 16:19:02] Info: Parameters to validate: 
	Execution mode: Conversion
	LICENSE_KEY: a3372138-b87e-4a08-b929-3b48b24c63f1
[09/15/2022 16:19:02] Info: Validation of parameters: Success
[09/15/2022 16:19:02] Debug: Getting code descriptor
[09/15/2022 16:19:02] Debug: Code descriptor information
	Units: 58
	Units type: LOC
	All file bytes: 1917
	All found extensions: .sql,.dml,.ddl,.bteq,.btq,.fl,.fload,.ml,.mload,.mld,.tp,.tpump,.tpt
[09/15/2022 16:19:02] Debug: Calculating fingerprint
[09/15/2022 16:19:02] Debug: Fingerprint information Fingerprint(size=1917,projects=1)
[09/15/2022 16:19:02] Info: Starting to try to validate online license for execution
[09/15/2022 16:19:03] Debug: Getting license
[09/15/2022 16:19:03] Debug: License information
	Status: Failed
	Message: No active license available.
[09/15/2022 16:19:03] Debug: Starting the execution of the controller
[09/15/2022 16:19:04] Debug: Executing the worker: SnowConvert
[09/15/2022 16:19:15] Debug: Finished executing the worker: SnowConvert
[09/15/2022 16:19:17] Info: Controller execution ended
