[09/06/2022 11:28:59] Debug: Session id: ba145132-b715-41d9-9ce8-6b31e60fa4ef
[09/06/2022 11:28:59] Debug: Code Processor information: Name :SnowConvert, Version: 9.0.11.0
[09/06/2022 11:29:00] Debug: Getting license
[09/06/2022 11:29:00] Debug: License information
	Status: Failed
	Message: No active license available.
[09/06/2022 11:29:00] Info: Starting to validate parameters
[09/06/2022 11:29:00] Info: Parameters to validate: 
	Execution mode: Conversion
	LICENSE_KEY: a3372138-b87e-4a08-b929-3b48b24c63f1
[09/06/2022 11:29:00] Info: Validation of parameters: Success
[09/06/2022 11:29:00] Debug: Getting code descriptor
[09/06/2022 11:29:00] Debug: Code descriptor information
	Units: 58
	Units type: LOC
	All file bytes: 1917
	All found extensions: .sql,.dml,.ddl,.bteq,.btq,.fl,.fload,.ml,.mload,.mld,.tp,.tpump,.tpt
[09/06/2022 11:29:00] Debug: Calculating fingerprint
[09/06/2022 11:29:00] Debug: Fingerprint information Fingerprint(size=1917,projects=1)
[09/06/2022 11:29:00] Info: Starting to try to validate online license for execution
[09/06/2022 11:29:01] Debug: Getting license
[09/06/2022 11:29:01] Debug: License information
	Status: Failed
	Message: No active license available.
[09/06/2022 11:29:01] Debug: Starting the execution of the controller
[09/06/2022 11:29:02] Debug: Executing the worker: SnowConvert
[09/06/2022 11:29:13] Debug: Finished executing the worker: SnowConvert
[09/06/2022 11:29:15] Info: Controller execution ended
