[09/27/2022 14:23:24] Debug: Session id: 931d8719-c874-4239-8d1d-efee18077c22
[09/27/2022 14:23:24] Debug: Code Processor information: Name :SnowConvert, Version: 9.0.49.0
[09/27/2022 14:23:25] Debug: Getting license
[09/27/2022 14:23:25] Debug: License information
	Status: Failed
	Message: No active license available.
[09/27/2022 14:23:25] Info: Starting to validate parameters
[09/27/2022 14:23:25] Info: Parameters to validate: 
	Execution mode: Conversion
	LICENSE_KEY: a3372138-b87e-4a08-b929-3b48b24c63f1
[09/27/2022 14:23:25] Info: Validation of parameters: Success
[09/27/2022 14:23:25] Debug: Getting code descriptor
[09/27/2022 14:23:25] Debug: Code descriptor information
	Units: 58
	Units type: LOC
	All file bytes: 1917
	All found extensions: .sql,.dml,.ddl,.bteq,.btq,.fl,.fload,.ml,.mload,.mld,.tp,.tpump,.tpt
[09/27/2022 14:23:25] Debug: Calculating fingerprint
[09/27/2022 14:23:25] Debug: Fingerprint information Fingerprint(size=1917,projects=1)
[09/27/2022 14:23:25] Info: Starting to try to validate online license for execution
[09/27/2022 14:23:27] Debug: Getting license
[09/27/2022 14:23:27] Debug: License information
	Status: Failed
	Message: No active license available.
[09/27/2022 14:23:27] Debug: Starting the execution of the controller
[09/27/2022 14:23:28] Debug: Executing the worker: SnowConvert
[09/27/2022 14:23:38] Debug: Finished executing the worker: SnowConvert
[09/27/2022 14:23:40] Info: Controller execution ended
