[09/06/2022 14:52:18] Debug: Session id: aaef925a-6a83-45a7-b573-ca1dfb55c293
[09/06/2022 14:52:18] Debug: Code Processor information: Name :SnowConvert, Version: 9.0.11.0
[09/06/2022 14:52:19] Debug: Getting license
[09/06/2022 14:52:19] Debug: License information
	Status: Failed
	Message: No active license available.
[09/06/2022 14:52:19] Info: Starting to validate parameters
[09/06/2022 14:52:19] Info: Parameters to validate: 
	Execution mode: Conversion
	LICENSE_KEY: a3372138-b87e-4a08-b929-3b48b24c63f1
[09/06/2022 14:52:19] Info: Validation of parameters: Success
[09/06/2022 14:52:19] Debug: Getting code descriptor
[09/06/2022 14:52:19] Debug: Code descriptor information
	Units: 58
	Units type: LOC
	All file bytes: 1917
	All found extensions: .sql,.dml,.ddl,.bteq,.btq,.fl,.fload,.ml,.mload,.mld,.tp,.tpump,.tpt
[09/06/2022 14:52:19] Debug: Calculating fingerprint
[09/06/2022 14:52:19] Debug: Fingerprint information Fingerprint(size=1917,projects=1)
[09/06/2022 14:52:19] Info: Starting to try to validate online license for execution
[09/06/2022 14:52:20] Debug: Getting license
[09/06/2022 14:52:20] Debug: License information
	Status: Failed
	Message: No active license available.
[09/06/2022 14:52:20] Debug: Starting the execution of the controller
[09/06/2022 14:52:21] Debug: Executing the worker: SnowConvert
[09/06/2022 14:52:33] Debug: Finished executing the worker: SnowConvert
[09/06/2022 14:52:35] Info: Controller execution ended
