[09/06/2022 15:58:19] Debug: Session id: 6d900684-1794-40b3-b0de-710da8f0115f
[09/06/2022 15:58:19] Debug: Code Processor information: Name :SnowConvert, Version: 9.0.11.0
[09/06/2022 15:58:20] Debug: Getting license
[09/06/2022 15:58:20] Debug: License information
	Status: Failed
	Message: No active license available.
[09/06/2022 15:58:20] Info: Starting to validate parameters
[09/06/2022 15:58:20] Info: Parameters to validate: 
	Execution mode: Conversion
	LICENSE_KEY: a3372138-b87e-4a08-b929-3b48b24c63f1
[09/06/2022 15:58:20] Info: Validation of parameters: Success
[09/06/2022 15:58:20] Debug: Getting code descriptor
[09/06/2022 15:58:20] Debug: Code descriptor information
	Units: 58
	Units type: LOC
	All file bytes: 1917
	All found extensions: .sql,.dml,.ddl,.bteq,.btq,.fl,.fload,.ml,.mload,.mld,.tp,.tpump,.tpt
[09/06/2022 15:58:20] Debug: Calculating fingerprint
[09/06/2022 15:58:20] Debug: Fingerprint information Fingerprint(size=1917,projects=1)
[09/06/2022 15:58:20] Info: Starting to try to validate online license for execution
[09/06/2022 15:58:21] Debug: Getting license
[09/06/2022 15:58:21] Debug: License information
	Status: Failed
	Message: No active license available.
[09/06/2022 15:58:21] Debug: Starting the execution of the controller
[09/06/2022 15:58:22] Debug: Executing the worker: SnowConvert
[09/06/2022 15:58:33] Debug: Finished executing the worker: SnowConvert
[09/06/2022 15:58:35] Info: Controller execution ended
