[09/20/2022 17:01:20] Debug: Session id: 2352742e-85b9-4ae4-9060-0f64667a64a6
[09/20/2022 17:01:20] Debug: Code Processor information: Name :SnowConvert, Version: 9.0.49.0
[09/20/2022 17:01:21] Debug: Getting license
[09/20/2022 17:01:21] Debug: License information
	Status: Failed
	Message: No active license available.
[09/20/2022 17:01:21] Info: Starting to validate parameters
[09/20/2022 17:01:21] Info: Parameters to validate: 
	Execution mode: Conversion
	LICENSE_KEY: a3372138-b87e-4a08-b929-3b48b24c63f1
[09/20/2022 17:01:21] Info: Validation of parameters: Success
[09/20/2022 17:01:21] Debug: Getting code descriptor
[09/20/2022 17:01:21] Debug: Code descriptor information
	Units: 58
	Units type: LOC
	All file bytes: 1917
	All found extensions: .sql,.dml,.ddl,.bteq,.btq,.fl,.fload,.ml,.mload,.mld,.tp,.tpump,.tpt
[09/20/2022 17:01:21] Debug: Calculating fingerprint
[09/20/2022 17:01:21] Debug: Fingerprint information Fingerprint(size=1917,projects=1)
[09/20/2022 17:01:21] Info: Starting to try to validate online license for execution
[09/20/2022 17:01:22] Debug: Getting license
[09/20/2022 17:01:22] Debug: License information
	Status: Failed
	Message: No active license available.
[09/20/2022 17:01:22] Debug: Starting the execution of the controller
[09/20/2022 17:01:23] Debug: Executing the worker: SnowConvert
[09/20/2022 17:01:34] Debug: Finished executing the worker: SnowConvert
[09/20/2022 17:01:36] Info: Controller execution ended
