[09/13/2022 16:49:33] Debug: Session id: 229ddb6c-a827-445d-9965-696541cd4f3a
[09/13/2022 16:49:33] Debug: Code Processor information: Name :SnowConvert, Version: 9.0.22.0
[09/13/2022 16:49:34] Debug: Getting license
[09/13/2022 16:49:34] Debug: License information
	Status: Failed
	Message: No active license available.
[09/13/2022 16:49:34] Info: Starting to validate parameters
[09/13/2022 16:49:34] Info: Parameters to validate: 
	Execution mode: Conversion
	LICENSE_KEY: a3372138-b87e-4a08-b929-3b48b24c63f1
[09/13/2022 16:49:34] Info: Validation of parameters: Success
[09/13/2022 16:49:34] Debug: Getting code descriptor
[09/13/2022 16:49:34] Debug: Code descriptor information
	Units: 58
	Units type: LOC
	All file bytes: 1917
	All found extensions: .sql,.dml,.ddl,.bteq,.btq,.fl,.fload,.ml,.mload,.mld,.tp,.tpump,.tpt
[09/13/2022 16:49:34] Debug: Calculating fingerprint
[09/13/2022 16:49:34] Debug: Fingerprint information Fingerprint(size=1917,projects=1)
[09/13/2022 16:49:34] Info: Starting to try to validate online license for execution
[09/13/2022 16:49:35] Debug: Getting license
[09/13/2022 16:49:35] Debug: License information
	Status: Failed
	Message: No active license available.
[09/13/2022 16:49:35] Debug: Starting the execution of the controller
[09/13/2022 16:49:36] Debug: Executing the worker: SnowConvert
[09/13/2022 16:49:46] Debug: Finished executing the worker: SnowConvert
[09/13/2022 16:49:48] Info: Controller execution ended
