[09/20/2022 17:01:23] Info: SourceLanguage set to Teradata based on the appsettings configuration.
[09/20/2022 17:01:23] Info: No path specified for loading additional transformation rules
[09/20/2022 17:01:23] Info: Starting to analyze the input path '/tmp/Repo-eb3974e1-c360-477c-bff1-9faa57e5ba1b/Sources'...
[09/20/2022 17:01:29] Info: EFProcess 637992900891192741 started
[09/20/2022 17:01:29] Debug: TaskParam transformationVisitors = Value is not created.
[09/20/2022 17:01:29] Debug: TaskParam issueInventory = Value is not created.
[09/20/2022 17:01:29] Debug: TaskParam assessmentSummaryInventory = Value is not created.
[09/20/2022 17:01:29] Debug: TaskParam sourceLanguage = Teradata
[09/20/2022 17:01:29] Debug: TaskParam TaskConversionTime = Mobilize.Snow.Assessment.TaskConversionTimeSummary
[09/20/2022 17:01:29] Debug: TaskParam parsingProgressDescriptor = Mobilize.Common.Utils.Progress.SingleProgressDescriptor
[09/20/2022 17:01:29] Debug: TaskParam processingProgressDescriptor = Mobilize.Common.Utils.Progress.SingleProgressDescriptor
[09/20/2022 17:01:29] Debug: TaskParam AssessmentManager = Mobilize.Snow.Assessment.AssessmentManager
[09/20/2022 17:01:29] Debug: TaskParam symbolTableProvider = Value is not created.
[09/20/2022 17:01:29] Debug: TaskParam assessmentEwiCalculator = Value is not created.
[09/20/2022 17:01:29] Debug: TaskParam locationService = Value is not created.
[09/20/2022 17:01:29] Debug: TaskParam parsingErrorMessageCustomizer = Value is not created.
[09/20/2022 17:01:29] Debug: TaskParam ewiFormatter = Value is not created.
[09/20/2022 17:01:29] Debug: TaskParam ewiInformation = Value is not created.
[09/20/2022 17:01:29] Debug: TaskParam assessmentSetup = Value is not created.
[09/20/2022 17:01:29] Debug: TaskParam assessmentConfiguration = Value is not created.
[09/20/2022 17:01:29] Debug: TaskParam assessmentOverallCalculator = Value is not created.
[09/20/2022 17:01:29] Debug: TaskParam assessmentFileCalculator = Value is not created.
[09/20/2022 17:01:29] Debug: TaskParam ConversionBeginTask.Input = /tmp/Repo-eb3974e1-c360-477c-bff1-9faa57e5ba1b/Sources/input.wsp
[09/20/2022 17:01:29] Debug: TaskParam workingSet = Value is not created.
[09/20/2022 17:01:29] Debug: TaskParam ConversionBeginTask.ItemMedatada = Artinsoft.Common.Store.ItemMetadata
[09/20/2022 17:01:29] Debug: TaskParam ConversionBeginTask.Enabled = True
[09/20/2022 17:01:29] Debug: TaskParam Repository = Value is not created.
[09/20/2022 17:01:29] Debug: TaskParam RepositoryDirectory = /tmp/Output-eb3974e1-c360-477c-bff1-9faa57e5ba1b/.mobilize/CommonEF
[09/20/2022 17:01:29] Info: Found 1 Sql files with a total size of 1.87KB
[09/20/2022 17:01:29] Info: Found 0 BTEQ files
[09/20/2022 17:01:29] Info: Found 0 FastLoad files
[09/20/2022 17:01:29] Info: Found 0 MultiLoad files
[09/20/2022 17:01:29] Info: Found 0 TPump files
[09/20/2022 17:01:29] Info: Found 0 TPT files
[09/20/2022 17:01:29] Info: Starting the parsing process of 1 file with 1.87KB of code, this might take a while...
[09/20/2022 17:01:29] Info: Step 1/7 - Loading Code: STARTED
[09/20/2022 17:01:31] Error: There are 7 parsing errors in the file /tmp/Repo-eb3974e1-c360-477c-bff1-9faa57e5ba1b/Sources/CLI_T12/Source_code.sql
[09/20/2022 17:01:31] Error: Source_code.sql(4, 3): ** MSC-ERROR - MSCEWI1001 - UNRECOGNIZED TOKEN ON LINE 4 OF THE SOURCE CODE. ** 
[09/20/2022 17:01:31] Error: Source_code.sql(28, 1): ** MSC-ERROR - MSCEWI1001 - UNRECOGNIZED TOKEN ON LINE 28 OF THE SOURCE CODE. ** 
[09/20/2022 17:01:31] Error: Source_code.sql(38, 1): ** MSC-ERROR - MSCEWI1001 - UNRECOGNIZED TOKEN ON LINE 38 OF THE SOURCE CODE. ** 
[09/20/2022 17:01:31] Error: Source_code.sql(39, 1): ** MSC-ERROR - MSCEWI1001 - UNRECOGNIZED TOKEN ON LINE 39 OF THE SOURCE CODE. ** 
[09/20/2022 17:01:31] Error: Source_code.sql(45, 1): ** MSC-ERROR - MSCEWI1001 - UNRECOGNIZED TOKEN ON LINE 45 OF THE SOURCE CODE. ** 
[09/20/2022 17:01:31] Error: Source_code.sql(60, 1): ** MSC-ERROR - MSCEWI1001 - UNRECOGNIZED TOKEN ON LINE 60 OF THE SOURCE CODE. ** 
[09/20/2022 17:01:31] Error: Source_code.sql(61, 1): ** MSC-ERROR - MSCEWI1001 - UNRECOGNIZED TOKEN ON LINE 61 OF THE SOURCE CODE. ** 
[09/20/2022 17:01:31] Info: Step 1/7 - Loading Code: COMPLETED
[09/20/2022 17:01:31] Debug: TaskParam transformationVisitors = Value is not created.
[09/20/2022 17:01:31] Debug: TaskParam sourceLanguage = Teradata
[09/20/2022 17:01:31] Debug: TaskParam symbolTableProvider = Value is not created.
[09/20/2022 17:01:31] Debug: TaskParam TaskConversionTime = Mobilize.Snow.Assessment.TaskConversionTimeSummary
[09/20/2022 17:01:31] Debug: TaskParam assessmentConfiguration = Mobilize.Snow.Assessment.AssessmentConfigurationProvider
[09/20/2022 17:01:31] Debug: TaskParam SymbolTableFillingTask.Input = /tmp/Repo-eb3974e1-c360-477c-bff1-9faa57e5ba1b/Sources/input.wsp
[09/20/2022 17:01:31] Debug: TaskParam workingSet = Artinsoft.Common.Store.RepositoryWorkingSet`2[System.String,Artinsoft.Common.Store.IItemContainer]
[09/20/2022 17:01:31] Debug: TaskParam SymbolTableFillingTask.ItemMedatada = Artinsoft.Common.Store.ItemMetadata
[09/20/2022 17:01:31] Debug: TaskParam SymbolTableFillingTask.Enabled = True
[09/20/2022 17:01:31] Debug: TaskParam Repository = Artinsoft.Common.Store.Repository
[09/20/2022 17:01:31] Debug: TaskParam RepositoryDirectory = /tmp/Output-eb3974e1-c360-477c-bff1-9faa57e5ba1b/.mobilize/CommonEF
[09/20/2022 17:01:31] Info: Step 2/7 - Semantic Analysis of Tables: STARTED
[09/20/2022 17:01:31] Info: Step 2/7 - Semantic Analysis of Tables: COMPLETED
[09/20/2022 17:01:31] Debug: TaskParam transformationVisitors = Artinsoft.Common.Tools.Transform.TransformationVisitors
[09/20/2022 17:01:31] Debug: TaskParam sourceLanguage = Teradata
[09/20/2022 17:01:31] Debug: TaskParam symbolTableProvider = Mobilize.Snow.Common.SymbolTableProvider
[09/20/2022 17:01:31] Debug: TaskParam TaskConversionTime = Mobilize.Snow.Assessment.TaskConversionTimeSummary
[09/20/2022 17:01:31] Debug: TaskParam assessmentConfiguration = Mobilize.Snow.Assessment.AssessmentConfigurationProvider
[09/20/2022 17:01:31] Debug: TaskParam SymbolTableFillingSecondTask.Input = /tmp/Repo-eb3974e1-c360-477c-bff1-9faa57e5ba1b/Sources/input.wsp
[09/20/2022 17:01:31] Debug: TaskParam workingSet = Artinsoft.Common.Store.RepositoryWorkingSet`2[System.String,Artinsoft.Common.Store.IItemContainer]
[09/20/2022 17:01:31] Debug: TaskParam SymbolTableFillingSecondTask.ItemMedatada = Artinsoft.Common.Store.ItemMetadata
[09/20/2022 17:01:31] Debug: TaskParam SymbolTableFillingSecondTask.Enabled = True
[09/20/2022 17:01:31] Debug: TaskParam Repository = Artinsoft.Common.Store.Repository
[09/20/2022 17:01:31] Debug: TaskParam RepositoryDirectory = /tmp/Output-eb3974e1-c360-477c-bff1-9faa57e5ba1b/.mobilize/CommonEF
[09/20/2022 17:01:31] Info: Step 3/7 - Semantic Analysis of Top Level Objects: STARTED
[09/20/2022 17:01:31] Info: Step 3/7 - Semantic Analysis of Top Level Objects: COMPLETED
[09/20/2022 17:01:31] Debug: TaskParam inputPath = /tmp/Repo-eb3974e1-c360-477c-bff1-9faa57e5ba1b/Sources
[09/20/2022 17:01:31] Debug: TaskParam transformationVisitors = Artinsoft.Common.Tools.Transform.TransformationVisitors
[09/20/2022 17:01:31] Debug: TaskParam symbolTableProvider = Mobilize.Snow.Common.SymbolTableProvider
[09/20/2022 17:01:31] Debug: TaskParam FunctionDependenciesGraphs = 
[09/20/2022 17:01:31] Debug: TaskParam sourceLanguage = Teradata
[09/20/2022 17:01:31] Debug: TaskParam TaskConversionTime = Mobilize.Snow.Assessment.TaskConversionTimeSummary
[09/20/2022 17:01:31] Debug: TaskParam assessmentConfiguration = Mobilize.Snow.Assessment.AssessmentConfigurationProvider
[09/20/2022 17:01:31] Debug: TaskParam DependenciesExtractorTask.Input = /tmp/Repo-eb3974e1-c360-477c-bff1-9faa57e5ba1b/Sources/input.wsp
[09/20/2022 17:01:31] Debug: TaskParam workingSet = Artinsoft.Common.Store.RepositoryWorkingSet`2[System.String,Artinsoft.Common.Store.IItemContainer]
[09/20/2022 17:01:31] Debug: TaskParam DependenciesExtractorTask.ItemMedatada = Artinsoft.Common.Store.ItemMetadata
[09/20/2022 17:01:31] Debug: TaskParam DependenciesExtractorTask.Enabled = True
[09/20/2022 17:01:31] Debug: TaskParam Repository = Artinsoft.Common.Store.Repository
[09/20/2022 17:01:31] Debug: TaskParam RepositoryDirectory = /tmp/Output-eb3974e1-c360-477c-bff1-9faa57e5ba1b/.mobilize/CommonEF
[09/20/2022 17:01:31] Info: Step 4/7 - Analysis of object dependencies: STARTED
[09/20/2022 17:01:31] Info: Step 4/7 - Analysis of object dependencies: COMPLETED
[09/20/2022 17:01:31] Debug: TaskParam transformationVisitors = Artinsoft.Common.Tools.Transform.TransformationVisitors
[09/20/2022 17:01:31] Debug: TaskParam sourceLanguage = Teradata
[09/20/2022 17:01:31] Debug: TaskParam TaskConversionTime = Mobilize.Snow.Assessment.TaskConversionTimeSummary
[09/20/2022 17:01:31] Debug: TaskParam symbolTableProvider = Mobilize.Snow.Common.SymbolTableProvider
[09/20/2022 17:01:31] Debug: TaskParam userDefinedFunctionTargetTransformation = 
[09/20/2022 17:01:31] Debug: TaskParam SnowScript = False
[09/20/2022 17:01:31] Debug: TaskParam DependenciesGraphs = [/tmp/Repo-eb3974e1-c360-477c-bff1-9faa57e5ba1b/Sources/CLI_T12/Source_code.sql, Mobilize.Snow.Common.Utils.Graph.DirectedGraph]
[09/20/2022 17:01:31] Debug: TaskParam PreProcessTask.Input = /tmp/Repo-eb3974e1-c360-477c-bff1-9faa57e5ba1b/Sources/input.wsp
[09/20/2022 17:01:31] Debug: TaskParam workingSet = Artinsoft.Common.Store.RepositoryWorkingSet`2[System.String,Artinsoft.Common.Store.IItemContainer]
[09/20/2022 17:01:31] Debug: TaskParam PreProcessTask.ItemMedatada = Artinsoft.Common.Store.ItemMetadata
[09/20/2022 17:01:31] Debug: TaskParam PreProcessTask.Enabled = True
[09/20/2022 17:01:31] Debug: TaskParam Repository = Artinsoft.Common.Store.Repository
[09/20/2022 17:01:31] Debug: TaskParam RepositoryDirectory = /tmp/Output-eb3974e1-c360-477c-bff1-9faa57e5ba1b/.mobilize/CommonEF
[09/20/2022 17:01:31] Info: Step 5/7 - Pre-Processing: STARTED
[09/20/2022 17:01:31] Info: Step 5/7 - Pre-Processing: COMPLETED
[09/20/2022 17:01:31] Debug: TaskParam transformationVisitors = Artinsoft.Common.Tools.Transform.TransformationVisitors
[09/20/2022 17:01:31] Debug: TaskParam sourceLanguage = Teradata
[09/20/2022 17:01:31] Debug: TaskParam TaskConversionTime = Mobilize.Snow.Assessment.TaskConversionTimeSummary
[09/20/2022 17:01:31] Debug: TaskParam symbolTableProvider = Mobilize.Snow.Common.SymbolTableProvider
[09/20/2022 17:01:31] Debug: TaskParam preConversionAssessmentStorage = Mobilize.Snow.Assessment.PreConversionAssessmentStorage
[09/20/2022 17:01:31] Debug: TaskParam userDefinedFunctionTargetTransformation = 
[09/20/2022 17:01:31] Debug: TaskParam executeT12AssessmentMode = False
[09/20/2022 17:01:31] Debug: TaskParam PreConversionAssessmentTask.Input = /tmp/Repo-eb3974e1-c360-477c-bff1-9faa57e5ba1b/Sources/input.wsp
[09/20/2022 17:01:31] Debug: TaskParam workingSet = Artinsoft.Common.Store.RepositoryWorkingSet`2[System.String,Artinsoft.Common.Store.IItemContainer]
[09/20/2022 17:01:31] Debug: TaskParam PreConversionAssessmentTask.ItemMedatada = Artinsoft.Common.Store.ItemMetadata
[09/20/2022 17:01:31] Debug: TaskParam PreConversionAssessmentTask.Enabled = True
[09/20/2022 17:01:31] Debug: TaskParam Repository = Artinsoft.Common.Store.Repository
[09/20/2022 17:01:31] Debug: TaskParam RepositoryDirectory = /tmp/Output-eb3974e1-c360-477c-bff1-9faa57e5ba1b/.mobilize/CommonEF
[09/20/2022 17:01:31] Debug: TaskParam transformationVisitors = Artinsoft.Common.Tools.Transform.TransformationVisitors
[09/20/2022 17:01:31] Debug: TaskParam sourceLanguage = Teradata
[09/20/2022 17:01:31] Debug: TaskParam LineageInventory = Mobilize.Snow.Assessment.LineageInventory
[09/20/2022 17:01:31] Debug: TaskParam reportPath = /tmp/Output-eb3974e1-c360-477c-bff1-9faa57e5ba1b/Reports
[09/20/2022 17:01:31] Debug: TaskParam SessionTimestamp = 20220920.170123
[09/20/2022 17:01:31] Debug: TaskParam codeModelWriter = Mobilize.Common.AssessmentModel.Writer.CodeModelWriter
[09/20/2022 17:01:31] Debug: TaskParam symbolTableProvider = Mobilize.Snow.Common.SymbolTableProvider
[09/20/2022 17:01:31] Debug: TaskParam ExecuteOracleLineage = False
[09/20/2022 17:01:31] Debug: TaskParam assessmentConfiguration = Mobilize.Snow.Assessment.AssessmentConfigurationProvider
[09/20/2022 17:01:31] Debug: TaskParam LineageTask.Input = /tmp/Repo-eb3974e1-c360-477c-bff1-9faa57e5ba1b/Sources/input.wsp
[09/20/2022 17:01:31] Debug: TaskParam workingSet = Artinsoft.Common.Store.RepositoryWorkingSet`2[System.String,Artinsoft.Common.Store.IItemContainer]
[09/20/2022 17:01:31] Debug: TaskParam LineageTask.ItemMedatada = Artinsoft.Common.Store.ItemMetadata
[09/20/2022 17:01:31] Debug: TaskParam LineageTask.Enabled = True
[09/20/2022 17:01:31] Debug: TaskParam Repository = Artinsoft.Common.Store.Repository
[09/20/2022 17:01:31] Debug: TaskParam RepositoryDirectory = /tmp/Output-eb3974e1-c360-477c-bff1-9faa57e5ba1b/.mobilize/CommonEF
[09/20/2022 17:01:31] Debug: TaskParam assessmentSummaryInventory = Mobilize.Snow.Assessment.AssessmentSummaryInventory
[09/20/2022 17:01:31] Debug: TaskParam assessmentSetup = Value is not created.
[09/20/2022 17:01:31] Debug: TaskParam CustomDatabaseName = 
[09/20/2022 17:01:31] Debug: TaskParam CustomSchemaName = PUBLIC
[09/20/2022 17:01:31] Debug: TaskParam castTransformationObject = Mobilize.Snow.Common.T12.CastTransformationObject
[09/20/2022 17:01:31] Debug: TaskParam commentIfMissingDependencies = False
[09/20/2022 17:01:31] Debug: TaskParam DependenciesGraphs = [/tmp/Repo-eb3974e1-c360-477c-bff1-9faa57e5ba1b/Sources/CLI_T12/Source_code.sql, Mobilize.Snow.Common.Utils.Graph.DirectedGraph]
[09/20/2022 17:01:31] Debug: TaskParam FunctionDependenciesGraphs = [/tmp/Repo-eb3974e1-c360-477c-bff1-9faa57e5ba1b/Sources/CLI_T12/Source_code.sql, Mobilize.Snow.Common.Utils.Graph.FunctionDependenciesGraph]
[09/20/2022 17:01:31] Debug: TaskParam detailsInventory = Mobilize.Snow.Assessment.DetailsInventory
[09/20/2022 17:01:31] Debug: TaskParam unsupportedInventory = Mobilize.Snow.Assessment.UnsupportedInventory
[09/20/2022 17:01:31] Debug: TaskParam inputPath = /tmp/Repo-eb3974e1-c360-477c-bff1-9faa57e5ba1b/Sources
[09/20/2022 17:01:31] Debug: TaskParam inventory = Mobilize.Snow.Assessment.SqlObjectsInventory
[09/20/2022 17:01:31] Debug: TaskParam issueInventory = Value is not created.
[09/20/2022 17:01:31] Debug: TaskParam Mappings = Mobilize.Snow.ConversionTool.Mapper.SnowFlakeMappingsContainer
[09/20/2022 17:01:31] Debug: TaskParam outputPath = /tmp/Output-eb3974e1-c360-477c-bff1-9faa57e5ba1b/Output
[09/20/2022 17:01:31] Debug: TaskParam symbolTableProvider = Mobilize.Snow.Common.SymbolTableProvider
[09/20/2022 17:01:31] Debug: TaskParam transformationVisitors = Artinsoft.Common.Tools.Transform.TransformationVisitors
[09/20/2022 17:01:31] Debug: TaskParam sourceLanguage = Teradata
[09/20/2022 17:01:31] Debug: TaskParam TaskConversionTime = Mobilize.Snow.Assessment.TaskConversionTimeSummary
[09/20/2022 17:01:31] Debug: TaskParam AssessmentManager = Mobilize.Snow.Assessment.AssessmentManager
[09/20/2022 17:01:31] Debug: TaskParam stubManager = Mobilize.Snow.Common.Utils.StubGenerationManager
[09/20/2022 17:01:31] Debug: TaskParam UDFManager = Mobilize.Snow.Common.UdfManager
[09/20/2022 17:01:31] Debug: TaskParam DbObjectFilesManager = Mobilize.Snow.Common.DatabaseObjectFilesManager
[09/20/2022 17:01:31] Debug: TaskParam assessmentEwiCalculator = Value is not created.
[09/20/2022 17:01:31] Debug: TaskParam locationService = Value is not created.
[09/20/2022 17:01:31] Debug: TaskParam parsingErrorMessageCustomizer = Value is not created.
[09/20/2022 17:01:31] Debug: TaskParam ewiInformation = Value is not created.
[09/20/2022 17:01:31] Debug: TaskParam assessmentConfiguration = Mobilize.Snow.Assessment.AssessmentConfigurationProvider
[09/20/2022 17:01:31] Debug: TaskParam DisableSynonym = False
[09/20/2022 17:01:31] Debug: TaskParam DisablePackagesAsSchemas = False
[09/20/2022 17:01:31] Debug: TaskParam SysdateAsCurrentTimestamp = False
[09/20/2022 17:01:31] Debug: TaskParam codeModelWriter = Mobilize.Common.AssessmentModel.Writer.CodeModelWriter
[09/20/2022 17:01:31] Debug: TaskParam ReplaceDeleteAllToTruncate = False
[09/20/2022 17:01:31] Debug: TaskParam useDatabase = False
[09/20/2022 17:01:31] Debug: TaskParam userDefinedFunctionTargetTransformation = 
[09/20/2022 17:01:31] Debug: TaskParam SnowScript = False
[09/20/2022 17:01:31] Debug: TaskParam splitPeriodDataType = False
[09/20/2022 17:01:31] Debug: TaskParam executeT12AssessmentMode = False
[09/20/2022 17:01:31] Debug: TaskParam processingProgressDescriptor = Mobilize.Common.Utils.Progress.SingleProgressDescriptor
[09/20/2022 17:01:31] Debug: TaskParam ExecutionModeValue = Conversion
[09/20/2022 17:01:31] Debug: TaskParam assessmentFileCalculator = Mobilize.Snow.Assessment.AssessmentFileCalculator
[09/20/2022 17:01:31] Debug: TaskParam TransformationsTask.Input = /tmp/Repo-eb3974e1-c360-477c-bff1-9faa57e5ba1b/Sources/input.wsp
[09/20/2022 17:01:31] Debug: TaskParam workingSet = Artinsoft.Common.Store.RepositoryWorkingSet`2[System.String,Artinsoft.Common.Store.IItemContainer]
[09/20/2022 17:01:31] Debug: TaskParam TransformationsTask.ItemMedatada = Artinsoft.Common.Store.ItemMetadata
[09/20/2022 17:01:31] Debug: TaskParam TransformationsTask.Enabled = True
[09/20/2022 17:01:31] Debug: TaskParam Repository = Artinsoft.Common.Store.Repository
[09/20/2022 17:01:31] Debug: TaskParam RepositoryDirectory = /tmp/Output-eb3974e1-c360-477c-bff1-9faa57e5ba1b/.mobilize/CommonEF
[09/20/2022 17:01:31] Info: Step 6/7 - Conversion Execution: STARTED
[09/20/2022 17:01:31] Info: Start transforming file Source_code.sql
[09/20/2022 17:01:32] Info: Transformed file Source_code.sql
[09/20/2022 17:01:32] Info: Step 6/7 - Conversion Execution: COMPLETED
[09/20/2022 17:01:32] Debug: TaskParam CustomSchemaName = PUBLIC
[09/20/2022 17:01:32] Debug: TaskParam coverage = 0
[09/20/2022 17:01:32] Debug: TaskParam inventory = Mobilize.Snow.Assessment.SqlObjectsInventory
[09/20/2022 17:01:32] Debug: TaskParam unsupportedInventory = Mobilize.Snow.Assessment.UnsupportedInventory
[09/20/2022 17:01:32] Debug: TaskParam issueInventory = Mobilize.Snow.Assessment.IssueInventory
[09/20/2022 17:01:32] Debug: TaskParam detailsInventory = Mobilize.Snow.Assessment.DetailsInventory
[09/20/2022 17:01:32] Debug: TaskParam assessmentSummaryInventory = Mobilize.Snow.Assessment.AssessmentSummaryInventory
[09/20/2022 17:01:32] Debug: TaskParam SnowScript = False
[09/20/2022 17:01:32] Debug: TaskParam reportPath = /tmp/Output-eb3974e1-c360-477c-bff1-9faa57e5ba1b/Reports
[09/20/2022 17:01:32] Debug: TaskParam totalProcessedLOC = 0
[09/20/2022 17:01:32] Debug: TaskParam inputPath = /tmp/Repo-eb3974e1-c360-477c-bff1-9faa57e5ba1b/Sources
[09/20/2022 17:01:32] Debug: TaskParam SessionTimestamp = 20220920.170123
[09/20/2022 17:01:32] Debug: TaskParam snowConfiguration = Mobilize.BDS.Converter.SnowConvert.Configuration.SnowCodeProcessorConfiguration
[09/20/2022 17:01:32] Debug: TaskParam TaskConversionTime = Mobilize.Snow.Assessment.TaskConversionTimeSummary
[09/20/2022 17:01:32] Debug: TaskParam outputPath = /tmp/Output-eb3974e1-c360-477c-bff1-9faa57e5ba1b/Output
[09/20/2022 17:01:32] Debug: TaskParam stubManager = Mobilize.Snow.Common.Utils.StubGenerationManager
[09/20/2022 17:01:32] Debug: TaskParam UDFManager = Mobilize.Snow.Common.UdfManager
[09/20/2022 17:01:32] Debug: TaskParam DashboardMode = False
[09/20/2022 17:01:32] Debug: TaskParam sourceLanguage = Teradata
[09/20/2022 17:01:32] Debug: TaskParam AssessmentManager = Mobilize.Snow.Assessment.AssessmentManager
[09/20/2022 17:01:32] Debug: TaskParam writeResultsProgressDescriptor = Mobilize.Common.Utils.Progress.SingleProgressDescriptor
[09/20/2022 17:01:32] Debug: TaskParam snowExecutionResult = Mobilize.Snow.Configuration.Models.SnowExecutionResult
[09/20/2022 17:01:32] Debug: TaskParam executeT12AssessmentMode = False
[09/20/2022 17:01:32] Debug: TaskParam assessmentConfiguration = Mobilize.Snow.Assessment.AssessmentConfigurationProvider
[09/20/2022 17:01:32] Debug: TaskParam ewiFormatter = Value is not created.
[09/20/2022 17:01:32] Debug: TaskParam ewiInformation = Mobilize.Snow.Issues.EwiInformationService
[09/20/2022 17:01:32] Debug: TaskParam locationService = Mobilize.Snow.Common.LocationService
[09/20/2022 17:01:32] Debug: TaskParam assessmentEwiCalculator = Mobilize.Snow.Assessment.AssessmentEwiCalculator
[09/20/2022 17:01:32] Debug: TaskParam assessmentOverallCalculator = Mobilize.Snow.Assessment.AssessmentOverallCalculator
[09/20/2022 17:01:32] Debug: TaskParam assessmentFileCalculator = Mobilize.Snow.Assessment.AssessmentFileCalculator
[09/20/2022 17:01:32] Debug: TaskParam ExecutionModeValue = Conversion
[09/20/2022 17:01:32] Debug: TaskParam ConversionEndTask.Input = /tmp/Repo-eb3974e1-c360-477c-bff1-9faa57e5ba1b/Sources/input.wsp
[09/20/2022 17:01:32] Debug: TaskParam workingSet = Artinsoft.Common.Store.RepositoryWorkingSet`2[System.String,Artinsoft.Common.Store.IItemContainer]
[09/20/2022 17:01:32] Debug: TaskParam ConversionEndTask.ItemMedatada = Artinsoft.Common.Store.ItemMetadata
[09/20/2022 17:01:32] Debug: TaskParam ConversionEndTask.Enabled = True
[09/20/2022 17:01:32] Debug: TaskParam Repository = Artinsoft.Common.Store.Repository
[09/20/2022 17:01:32] Debug: TaskParam RepositoryDirectory = /tmp/Output-eb3974e1-c360-477c-bff1-9faa57e5ba1b/.mobilize/CommonEF
[09/20/2022 17:01:32] Info: Step 7/7 - Stats and Reports: STARTED
[09/20/2022 17:01:32] Info: 
	==============================================================================
	SnowConvert assessment execution summary
	 - Files: 1
	 - Files Not Generated: 0
	 - Total lines of code: 48
	 - Automatically converted: 31%
	 - Conversion time: 00:00:01
	 - Conversion speed: 37 lines of code per second
	See the report files for more details about the conversion status.
	==============================================================================

[09/20/2022 17:01:32] Info: 
	==============================================================================
	LICENSE
	SnowConvert Tool.
	Production use or redistribution of tool or its output is strictly prohibited.
	Copyright (c) Mobilize.Net Corporation, 2021.
	For more License Terms and Conditions run SnowConvert with --terms.
	==============================================================================

[09/20/2022 17:01:32] Info: Writing the assessment reports
[09/20/2022 17:01:34] Info: Step 7/7 - Stats and Reports: COMPLETED
[09/20/2022 17:01:34] Info: EFProcess 637992900891192741 ended. Excecution time: 00:00:04.9416595
